<?xml version="1.0" encoding="UTF-8"?>
<testsuite xmlns:xsi="http://www.w3.org/2001/XMLSchema-instance" xsi:noNamespaceSchemaLocation="https://maven.apache.org/surefire/maven-surefire-plugin/xsd/surefire-test-report-3.0.xsd" version="3.0" name="TestSuite" time="351.569" tests="5" errors="0" skipped="0" failures="0">
  <properties>
    <property name="sun.desktop" value="windows"/>
    <property name="awt.toolkit" value="sun.awt.windows.WToolkit"/>
    <property name="file.encoding.pkg" value="sun.io"/>
    <property name="java.specification.version" value="1.8"/>
    <property name="webdriver.chrome.driver" value="C:\Users\dell\.cache\selenium\chromedriver\win32\87.0.4280.88\chromedriver.exe"/>
    <property name="sun.cpu.isalist" value="amd64"/>
    <property name="sun.jnu.encoding" value="Cp1252"/>
    <property name="java.class.path" value="E:\workspace\com.thinkitiveAssignment\target\test-classes;E:\workspace\com.thinkitiveAssignment\target\classes;C:\Users\dell\.m2\repository\org\seleniumhq\selenium\selenium-java\3.14.0\selenium-java-3.14.0.jar;C:\Users\dell\.m2\repository\org\seleniumhq\selenium\selenium-api\3.14.0\selenium-api-3.14.0.jar;C:\Users\dell\.m2\repository\org\seleniumhq\selenium\selenium-chrome-driver\3.14.0\selenium-chrome-driver-3.14.0.jar;C:\Users\dell\.m2\repository\org\seleniumhq\selenium\selenium-edge-driver\3.14.0\selenium-edge-driver-3.14.0.jar;C:\Users\dell\.m2\repository\org\seleniumhq\selenium\selenium-firefox-driver\3.14.0\selenium-firefox-driver-3.14.0.jar;C:\Users\dell\.m2\repository\org\seleniumhq\selenium\selenium-ie-driver\3.14.0\selenium-ie-driver-3.14.0.jar;C:\Users\dell\.m2\repository\org\seleniumhq\selenium\selenium-opera-driver\3.14.0\selenium-opera-driver-3.14.0.jar;C:\Users\dell\.m2\repository\org\seleniumhq\selenium\selenium-remote-driver\3.14.0\selenium-remote-driver-3.14.0.jar;C:\Users\dell\.m2\repository\org\seleniumhq\selenium\selenium-safari-driver\3.14.0\selenium-safari-driver-3.14.0.jar;C:\Users\dell\.m2\repository\org\seleniumhq\selenium\selenium-support\3.14.0\selenium-support-3.14.0.jar;C:\Users\dell\.m2\repository\net\bytebuddy\byte-buddy\1.8.15\byte-buddy-1.8.15.jar;C:\Users\dell\.m2\repository\org\apache\commons\commons-exec\1.3\commons-exec-1.3.jar;C:\Users\dell\.m2\repository\commons-codec\commons-codec\1.10\commons-codec-1.10.jar;C:\Users\dell\.m2\repository\commons-logging\commons-logging\1.2\commons-logging-1.2.jar;C:\Users\dell\.m2\repository\com\google\guava\guava\25.0-jre\guava-25.0-jre.jar;C:\Users\dell\.m2\repository\com\google\code\findbugs\jsr305\1.3.9\jsr305-1.3.9.jar;C:\Users\dell\.m2\repository\org\checkerframework\checker-compat-qual\2.0.0\checker-compat-qual-2.0.0.jar;C:\Users\dell\.m2\repository\com\google\errorprone\error_prone_annotations\2.1.3\error_prone_annotations-2.1.3.jar;C:\Users\dell\.m2\repository\com\google\j2objc\j2objc-annotations\1.1\j2objc-annotations-1.1.jar;C:\Users\dell\.m2\repository\org\codehaus\mojo\animal-sniffer-annotations\1.14\animal-sniffer-annotations-1.14.jar;C:\Users\dell\.m2\repository\org\apache\httpcomponents\httpclient\4.5.5\httpclient-4.5.5.jar;C:\Users\dell\.m2\repository\org\apache\httpcomponents\httpcore\4.4.9\httpcore-4.4.9.jar;C:\Users\dell\.m2\repository\com\squareup\okhttp3\okhttp\3.10.0\okhttp-3.10.0.jar;C:\Users\dell\.m2\repository\com\squareup\okio\okio\1.14.1\okio-1.14.1.jar;C:\Users\dell\.m2\repository\org\testng\testng\6.14.3\testng-6.14.3.jar;C:\Users\dell\.m2\repository\com\beust\jcommander\1.72\jcommander-1.72.jar;C:\Users\dell\.m2\repository\org\apache-extras\beanshell\bsh\2.0b6\bsh-2.0b6.jar;C:\Users\dell\.m2\repository\commons-io\commons-io\2.7\commons-io-2.7.jar;C:\Users\dell\.m2\repository\io\github\bonigarcia\webdrivermanager\4.2.2\webdrivermanager-4.2.2.jar;C:\Users\dell\.m2\repository\org\slf4j\slf4j-api\1.7.30\slf4j-api-1.7.30.jar;C:\Users\dell\.m2\repository\com\google\code\gson\gson\2.8.6\gson-2.8.6.jar;C:\Users\dell\.m2\repository\org\apache\commons\commons-lang3\3.11\commons-lang3-3.11.jar;C:\Users\dell\.m2\repository\org\apache\httpcomponents\client5\httpclient5\5.0.1\httpclient5-5.0.1.jar;C:\Users\dell\.m2\repository\org\apache\httpcomponents\core5\httpcore5\5.0.1\httpcore5-5.0.1.jar;C:\Users\dell\.m2\repository\org\apache\httpcomponents\core5\httpcore5-h2\5.0.1\httpcore5-h2-5.0.1.jar;C:\Users\dell\.m2\repository\org\rauschig\jarchivelib\1.1.0\jarchivelib-1.1.0.jar;C:\Users\dell\.m2\repository\org\apache\commons\commons-compress\1.20\commons-compress-1.20.jar;C:\Users\dell\.m2\repository\org\jsoup\jsoup\1.13.1\jsoup-1.13.1.jar;"/>
    <property name="java.vm.vendor" value="Oracle Corporation"/>
    <property name="sun.arch.data.model" value="64"/>
    <property name="user.variant" value=""/>
    <property name="java.vendor.url" value="http://java.oracle.com/"/>
    <property name="user.timezone" value="Asia/Calcutta"/>
    <property name="java.vm.specification.version" value="1.8"/>
    <property name="os.name" value="Windows 7"/>
    <property name="user.country" value="US"/>
    <property name="sun.java.launcher" value="SUN_STANDARD"/>
    <property name="sun.boot.library.path" value="C:\Users\dell\.jenkins\tools\hudson.model.JDK\JAVA\jre\bin"/>
    <property name="sun.java.command" value="C:\Users\dell\AppData\Local\Temp\surefire5479937343773129068\surefirebooter4123907173580790252.jar C:\Users\dell\AppData\Local\Temp\surefire5479937343773129068 2020-12-19T19-03-52_848-jvmRun1 surefire9114655980981813185tmp surefire_08926471078030132591tmp"/>
    <property name="surefire.test.class.path" value="E:\workspace\com.thinkitiveAssignment\target\test-classes;E:\workspace\com.thinkitiveAssignment\target\classes;C:\Users\dell\.m2\repository\org\seleniumhq\selenium\selenium-java\3.14.0\selenium-java-3.14.0.jar;C:\Users\dell\.m2\repository\org\seleniumhq\selenium\selenium-api\3.14.0\selenium-api-3.14.0.jar;C:\Users\dell\.m2\repository\org\seleniumhq\selenium\selenium-chrome-driver\3.14.0\selenium-chrome-driver-3.14.0.jar;C:\Users\dell\.m2\repository\org\seleniumhq\selenium\selenium-edge-driver\3.14.0\selenium-edge-driver-3.14.0.jar;C:\Users\dell\.m2\repository\org\seleniumhq\selenium\selenium-firefox-driver\3.14.0\selenium-firefox-driver-3.14.0.jar;C:\Users\dell\.m2\repository\org\seleniumhq\selenium\selenium-ie-driver\3.14.0\selenium-ie-driver-3.14.0.jar;C:\Users\dell\.m2\repository\org\seleniumhq\selenium\selenium-opera-driver\3.14.0\selenium-opera-driver-3.14.0.jar;C:\Users\dell\.m2\repository\org\seleniumhq\selenium\selenium-remote-driver\3.14.0\selenium-remote-driver-3.14.0.jar;C:\Users\dell\.m2\repository\org\seleniumhq\selenium\selenium-safari-driver\3.14.0\selenium-safari-driver-3.14.0.jar;C:\Users\dell\.m2\repository\org\seleniumhq\selenium\selenium-support\3.14.0\selenium-support-3.14.0.jar;C:\Users\dell\.m2\repository\net\bytebuddy\byte-buddy\1.8.15\byte-buddy-1.8.15.jar;C:\Users\dell\.m2\repository\org\apache\commons\commons-exec\1.3\commons-exec-1.3.jar;C:\Users\dell\.m2\repository\commons-codec\commons-codec\1.10\commons-codec-1.10.jar;C:\Users\dell\.m2\repository\commons-logging\commons-logging\1.2\commons-logging-1.2.jar;C:\Users\dell\.m2\repository\com\google\guava\guava\25.0-jre\guava-25.0-jre.jar;C:\Users\dell\.m2\repository\com\google\code\findbugs\jsr305\1.3.9\jsr305-1.3.9.jar;C:\Users\dell\.m2\repository\org\checkerframework\checker-compat-qual\2.0.0\checker-compat-qual-2.0.0.jar;C:\Users\dell\.m2\repository\com\google\errorprone\error_prone_annotations\2.1.3\error_prone_annotations-2.1.3.jar;C:\Users\dell\.m2\repository\com\google\j2objc\j2objc-annotations\1.1\j2objc-annotations-1.1.jar;C:\Users\dell\.m2\repository\org\codehaus\mojo\animal-sniffer-annotations\1.14\animal-sniffer-annotations-1.14.jar;C:\Users\dell\.m2\repository\org\apache\httpcomponents\httpclient\4.5.5\httpclient-4.5.5.jar;C:\Users\dell\.m2\repository\org\apache\httpcomponents\httpcore\4.4.9\httpcore-4.4.9.jar;C:\Users\dell\.m2\repository\com\squareup\okhttp3\okhttp\3.10.0\okhttp-3.10.0.jar;C:\Users\dell\.m2\repository\com\squareup\okio\okio\1.14.1\okio-1.14.1.jar;C:\Users\dell\.m2\repository\org\testng\testng\6.14.3\testng-6.14.3.jar;C:\Users\dell\.m2\repository\com\beust\jcommander\1.72\jcommander-1.72.jar;C:\Users\dell\.m2\repository\org\apache-extras\beanshell\bsh\2.0b6\bsh-2.0b6.jar;C:\Users\dell\.m2\repository\commons-io\commons-io\2.7\commons-io-2.7.jar;C:\Users\dell\.m2\repository\io\github\bonigarcia\webdrivermanager\4.2.2\webdrivermanager-4.2.2.jar;C:\Users\dell\.m2\repository\org\slf4j\slf4j-api\1.7.30\slf4j-api-1.7.30.jar;C:\Users\dell\.m2\repository\com\google\code\gson\gson\2.8.6\gson-2.8.6.jar;C:\Users\dell\.m2\repository\org\apache\commons\commons-lang3\3.11\commons-lang3-3.11.jar;C:\Users\dell\.m2\repository\org\apache\httpcomponents\client5\httpclient5\5.0.1\httpclient5-5.0.1.jar;C:\Users\dell\.m2\repository\org\apache\httpcomponents\core5\httpcore5\5.0.1\httpcore5-5.0.1.jar;C:\Users\dell\.m2\repository\org\apache\httpcomponents\core5\httpcore5-h2\5.0.1\httpcore5-h2-5.0.1.jar;C:\Users\dell\.m2\repository\org\rauschig\jarchivelib\1.1.0\jarchivelib-1.1.0.jar;C:\Users\dell\.m2\repository\org\apache\commons\commons-compress\1.20\commons-compress-1.20.jar;C:\Users\dell\.m2\repository\org\jsoup\jsoup\1.13.1\jsoup-1.13.1.jar;"/>
    <property name="sun.cpu.endian" value="little"/>
    <property name="user.home" value="C:\Users\dell"/>
    <property name="user.language" value="en"/>
    <property name="java.specification.vendor" value="Oracle Corporation"/>
    <property name="java.home" value="C:\Users\dell\.jenkins\tools\hudson.model.JDK\JAVA\jre"/>
    <property name="basedir" value="E:\workspace\com.thinkitiveAssignment"/>
    <property name="file.separator" value="\"/>
    <property name="line.separator" value="&#10;"/>
    <property name="java.vm.specification.vendor" value="Oracle Corporation"/>
    <property name="java.specification.name" value="Java Platform API Specification"/>
    <property name="java.awt.graphicsenv" value="sun.awt.Win32GraphicsEnvironment"/>
    <property name="surefire.real.class.path" value="C:\Users\dell\AppData\Local\Temp\surefire5479937343773129068\surefirebooter4123907173580790252.jar"/>
    <property name="sun.boot.class.path" value="C:\Users\dell\.jenkins\tools\hudson.model.JDK\JAVA\jre\lib\resources.jar;C:\Users\dell\.jenkins\tools\hudson.model.JDK\JAVA\jre\lib\rt.jar;C:\Users\dell\.jenkins\tools\hudson.model.JDK\JAVA\jre\lib\sunrsasign.jar;C:\Users\dell\.jenkins\tools\hudson.model.JDK\JAVA\jre\lib\jsse.jar;C:\Users\dell\.jenkins\tools\hudson.model.JDK\JAVA\jre\lib\jce.jar;C:\Users\dell\.jenkins\tools\hudson.model.JDK\JAVA\jre\lib\charsets.jar;C:\Users\dell\.jenkins\tools\hudson.model.JDK\JAVA\jre\lib\jfr.jar;C:\Users\dell\.jenkins\tools\hudson.model.JDK\JAVA\jre\classes"/>
    <property name="user.script" value=""/>
    <property name="sun.management.compiler" value="HotSpot 64-Bit Tiered Compilers"/>
    <property name="java.runtime.version" value="1.8.0_221-b11"/>
    <property name="user.name" value="dell"/>
    <property name="path.separator" value=";"/>
    <property name="os.version" value="6.1"/>
    <property name="java.endorsed.dirs" value="C:\Users\dell\.jenkins\tools\hudson.model.JDK\JAVA\jre\lib\endorsed"/>
    <property name="java.runtime.name" value="Java(TM) SE Runtime Environment"/>
    <property name="file.encoding" value="Cp1252"/>
    <property name="java.vm.name" value="Java HotSpot(TM) 64-Bit Server VM"/>
    <property name="localRepository" value="C:\Users\dell\.m2\repository"/>
    <property name="java.vendor.url.bug" value="http://bugreport.sun.com/bugreport/"/>
    <property name="java.io.tmpdir" value="C:\Users\dell\AppData\Local\Temp\"/>
    <property name="java.version" value="1.8.0_221"/>
    <property name="user.dir" value="E:\workspace\com.thinkitiveAssignment"/>
    <property name="os.arch" value="amd64"/>
    <property name="java.vm.specification.name" value="Java Virtual Machine Specification"/>
    <property name="java.awt.printerjob" value="sun.awt.windows.WPrinterJob"/>
    <property name="sun.os.patch.level" value="Service Pack 1"/>
    <property name="java.library.path" value="C:\Users\dell\.jenkins\tools\hudson.model.JDK\JAVA\jre\bin;C:\Windows\Sun\Java\bin;C:\Windows\system32;C:\Windows;C:\Users\dell\.jenkins\tools\hudson.tasks.Maven_MavenInstallation\Test_Maven/bin;C:\Users\dell\.jenkins\tools\hudson.model.JDK\JAVA/bin;C:\Users\dell\.jenkins\tools\hudson.model.JDK\JAVA/bin;C:\Program Files (x86)\Common Files\Oracle\Java\javapath;C:\ProgramData\Oracle\Java\javapath;C:\Program Files\Dell\DW WLAN Card;C:\Program Files (x86)\Intel\iCLS Client\;C:\Program Files\Intel\iCLS Client\;C:\Windows\system32;C:\Windows;C:\Windows\System32\Wbem;C:\Windows\System32\WindowsPowerShell\v1.0\;C:\Program Files\Intel\Intel(R) Management Engine Components\DAL;C:\Program Files\Intel\Intel(R) Management Engine Components\IPT;C:\Program Files (x86)\Intel\Intel(R) Management Engine Components\DAL;C:\Program Files (x86)\Intel\Intel(R) Management Engine Components\IPT;C:\Program Files\WIDCOMM\Bluetooth Software\;C:\Program Files\WIDCOMM\Bluetooth Software\syswow64;C:\Program Files (x86)\Intel\OpenCL SDK\2.0\bin\x86;C:\Program Files (x86)\Intel\OpenCL SDK\2.0\bin\x64;C:\Program Files\MySQL\MySQL Utilities 1.6\;C:\Program Files\Java\jdk1.8.0_91\bin;C:\Program Files\Git\cmd;E:\New folder\My Soft\apache-maven-3.6.3-bin\apache-maven-3.6.3\bin;;."/>
    <property name="java.vm.info" value="mixed mode"/>
    <property name="java.vendor" value="Oracle Corporation"/>
    <property name="java.vm.version" value="25.221-b11"/>
    <property name="java.ext.dirs" value="C:\Users\dell\.jenkins\tools\hudson.model.JDK\JAVA\jre\lib\ext;C:\Windows\Sun\Java\lib\ext"/>
    <property name="sun.io.unicode.encoding" value="UnicodeLittle"/>
    <property name="java.class.version" value="52.0"/>
  </properties>
  <testcase name="testAlibabaSite[iPhone](1)" classname="com.thinkitiveAssignment.Assignment2.Assignment2" time="335.718">
    <system-out><![CDATA[Fetching Price of all Products
Fetching Price of all Products
Fetching Price of all Products
Fetching Price of all Products
Fetching Price of all Products
Fetching Price of all Products
Fetching Price of all Products
Fetching Price of all Products
Fetching Price of all Products
Fetching Price of all Products
Fetching Price of all Products
Fetching Price of all Products
Fetching Price of all Products
Fetching Price of all Products
Fetching Price of all Products
Fetching Price of all Products
Fetching Price of all Products
Fetching Price of all Products
Fetching Price of all Products
Fetching Price of all Products
Fetching Price of all Products
Fetching Price of all Products
Fetching Price of all Products
Fetching Price of all Products
Fetching Price of all Products
Fetching Price of all Products
Fetching Price of all Products
Fetching Price of all Products
Fetching Price of all Products
Fetching Price of all Products
Fetching Price of all Products
Fetching Price of all Products
Fetching Price of all Products
Fetching Price of all Products
Fetching Price of all Products
Fetching Price of all Products
Fetching Price of all Products
Fetching Price of all Products
Fetching Price of all Products
Fetching Price of all Products
Fetching Price of all Products
Fetching Price of all Products
Fetching Price of all Products
Fetching Price of all Products
Fetching Price of all Products
MaxPrice Product ID: 62582731941---- Max Price Product price599.0
Fetched Max Price Product
Fetching product details started.......
Fetching: Product name
Fetching: Title Link
Fetching: Text Below Product Title
Fetching: Tags Below Product Title
Fetching: Image Count
Fetching: Images Links
Fetching: Image Count
{Image Link 5=//s.alicdn.com/@sc01/kf/H1ae51ac016704f779f89aba42f0bcae3X.jpg_300x300.jpg, Image Link 6=//s.alicdn.com/@sc01/kf/H8ae1f5aac0534ced99d227b075ba1e93r.jpg_300x300.jpg, Image Link 3=//s.alicdn.com/@sc01/kf/H65dda5d755024b468acf5179522a4538P.jpg_300x300.jpg, Image Link 4=//s.alicdn.com/@sc01/kf/H23411a5a961045daa691f624913d883cR.jpg_300x300.jpg, Image Link 1=//s.alicdn.com/@sc01/kf/H8f06d9277b904d23859861d14cc1134dj.jpg_300x300.jpg, Image Link 2=//s.alicdn.com/@sc01/kf/H796496d61bca45199a287df9a4bc2cf2w.jpg_300x300.jpg}
Fetching: Product Price
$100.00-$599.00
Fetching: Slashed Product Price
Fetching: Product Price Discount
Fetching: Minimum Order Quantity
Fetching: Product Seller Country Code
Fetching: Seller Company Name
Fetching: Seller Company Link
Fetching: Seller Year Of Association
Fetching: Seller Status
Fetching: Product Trade Assured Status
Fetching: Seller Star Level
Fetching: Seller Resopnse Rate
Fetching: Seller Review Score
Fetching: Seller Review Count
Fetching: Seller Review Comments
2
Fetching: Seller Contact Link
Fetching: Seller Contact Option
File Created
]]></system-out>
    <system-err><![CDATA[SLF4J: Failed to load class "org.slf4j.impl.StaticLoggerBinder".
SLF4J: Defaulting to no-operation (NOP) logger implementation
SLF4J: See http://www.slf4j.org/codes.html#StaticLoggerBinder for further details.
Starting ChromeDriver 87.0.4280.88 (89e2380a3e36c3464b5dd1302349b1382549290d-refs/branch-heads/4280@{#1761}) on port 33423
Only local connections are allowed.
Please see https://chromedriver.chromium.org/security-considerations for suggestions on keeping ChromeDriver safe.
ChromeDriver was started successfully.
Dec 19, 2020 7:04:10 PM org.openqa.selenium.remote.ProtocolHandshake createSession
INFO: Detected dialect: W3C
]]></system-err>
  </testcase>
  <testcase name="testMultiplier2darrayResult" classname="com.thinkitiveAssignment.Assignment1.Assignment1" time="0.008">
    <system-out><![CDATA[4
Data reading completed
2
68
46
108
2
64
22
24
64
90
1960
1690
684
64
2
4
File Created
]]></system-out>
  </testcase>
  <testcase name="testMultiplierMethodMultipleRowResult" classname="com.thinkitiveAssignment.Assignment1.Assignment1" time="0">
    <system-out><![CDATA[Data reading completed
1|34|23|54
Result after Muliplication is: 2 68 46 108
1|32|11|12
Result after Muliplication is: 2 64 22 24
32|45|980|845
Result after Muliplication is: 64 90 1960 1690
342|32|1|2
Result after Muliplication is: 684 64 2 4
File Created
]]></system-out>
  </testcase>
  <testcase name="testMultiplierMethodSingleRowResult" classname="com.thinkitiveAssignment.Assignment1.Assignment1" time="0.001">
    <system-out><![CDATA[Data reading completed
1|34|23|54|1|32|11|12|32|45|980|845|342|32|1|2|
Result after Muliplication is: 2 68 46 108 2 64 22 24 64 90 1960 1690 684 64 2 4
]]></system-out>
  </testcase>
  <testcase name="testArray" classname="com.thinkitiveAssignment.Assignment1.test" time="0.001">
    <system-out><![CDATA[4
]]></system-out>
  </testcase>
</testsuite>