<?xml version="1.0" encoding="UTF-8"?>
<!-- Generated by org.testng.reporters.JUnitReportReporter -->
<testsuite skipped="0" hostname="dell-PC" name="com.thinkitiveAssignment.Assignment2.Assignment2" tests="1" failures="0" timestamp="30 Nov 2020 14:12:46 GMT" time="207.550" errors="0">
  <testcase name="testAlibabaSite" time="207.550" classname="com.thinkitiveAssignment.Assignment2.Assignment2"/>
</testsuite> <!-- com.thinkitiveAssignment.Assignment2.Assignment2 -->
