<?xml version="1.0" encoding="UTF-8"?>
<!-- Generated by org.testng.reporters.JUnitReportReporter -->
<testsuite skipped="0" hostname="dell-PC" name="com.thinkitiveAssignment.Assignment1.Assignment1" tests="2" failures="0" timestamp="29 Nov 2020 11:53:37 GMT" time="0.023" errors="0">
  <testcase name="testMultiplierMethodSingleRowResult" time="0.005" classname="com.thinkitiveAssignment.Assignment1.Assignment1"/>
  <testcase name="testMultiplierMethodMultipleRowResult" time="0.018" classname="com.thinkitiveAssignment.Assignment1.Assignment1"/>
</testsuite> <!-- com.thinkitiveAssignment.Assignment1.Assignment1 -->
