<?xml version="1.0" encoding="UTF-8"?>
<!-- Generated by org.testng.reporters.JUnitReportReporter -->
<testsuite skipped="0" hostname="dell-PC" name="com.thinkitiveAssignment.Assignment1.Assignment1" tests="3" failures="0" timestamp="17 Dec 2020 12:09:31 GMT" time="0.041" errors="0">
  <testcase name="testMultiplierMethodSingleRowResult" time="0.009" classname="com.thinkitiveAssignment.Assignment1.Assignment1"/>
  <testcase name="testMultiplierMethodMultipleRowResult" time="0.010" classname="com.thinkitiveAssignment.Assignment1.Assignment1"/>
  <testcase name="testMultiplier2darrayResult" time="0.022" classname="com.thinkitiveAssignment.Assignment1.Assignment1"/>
</testsuite> <!-- com.thinkitiveAssignment.Assignment1.Assignment1 -->
