<?xml version="1.0" encoding="UTF-8"?>
<!-- Generated by org.testng.reporters.JUnitReportReporter -->
<testsuite skipped="0" hostname="dell-PC" name="com.thinkitiveAssignment.Assignment2.TestProgram" tests="1" failures="0" timestamp="30 Nov 2020 09:59:12 GMT" time="80.718" errors="0">
  <testcase name="testAlibabaSite" time="80.718" classname="com.thinkitiveAssignment.Assignment2.TestProgram"/>
</testsuite> <!-- com.thinkitiveAssignment.Assignment2.TestProgram -->
