<?xml version="1.0" encoding="UTF-8"?>
<!-- Generated by org.testng.reporters.JUnitReportReporter -->
<testsuite skipped="0" hostname="dell-PC" name="com.thinkitiveAssignment.Assignment1Part2" tests="1" failures="0" timestamp="29 Nov 2020 11:41:14 GMT" time="0.026" errors="0">
  <testcase name="multiplierMethod" time="0.026" classname="com.thinkitiveAssignment.Assignment1Part2"/>
</testsuite> <!-- com.thinkitiveAssignment.Assignment1Part2 -->
