<?xml version="1.0" encoding="UTF-8"?>
<!-- Generated by org.testng.reporters.JUnitReportReporter -->
<testsuite skipped="0" hostname="dell-PC" name="com.thinkitiveAssignment.Assignment2.Assignment2" tests="1" failures="0" timestamp="19 Dec 2020 13:39:49 GMT" time="335.761" errors="0">
  <testcase name="testAlibabaSite" time="335.761" classname="com.thinkitiveAssignment.Assignment2.Assignment2"/>
</testsuite> <!-- com.thinkitiveAssignment.Assignment2.Assignment2 -->
