<?xml version="1.0" encoding="UTF-8"?>
<!-- Generated by org.testng.reporters.JUnitReportReporter -->
<testsuite skipped="0" hostname="dell-PC" name="com.thinkitiveAssignment.Assignment1.test" tests="1" failures="0" timestamp="17 Dec 2020 11:47:58 GMT" time="0.000" errors="0">
  <testcase name="testArray" time="0.000" classname="com.thinkitiveAssignment.Assignment1.test"/>
</testsuite> <!-- com.thinkitiveAssignment.Assignment1.test -->
