<?xml version="1.0" encoding="UTF-8"?>
<!-- Generated by org.testng.reporters.JUnitReportReporter -->
<testsuite skipped="0" hostname="dell-PC" name="com.thinkitiveAssignment.Assignment1.Assignment1" tests="3" failures="0" timestamp="17 Dec 2020 11:47:58 GMT" time="0.079" errors="0">
  <testcase name="testMultiplierMethodSingleRowResult" time="0.000" classname="com.thinkitiveAssignment.Assignment1.Assignment1"/>
  <testcase name="testMultiplier2darrayResult" time="0.063" classname="com.thinkitiveAssignment.Assignment1.Assignment1"/>
  <testcase name="testMultiplierMethodMultipleRowResult" time="0.016" classname="com.thinkitiveAssignment.Assignment1.Assignment1"/>
</testsuite> <!-- com.thinkitiveAssignment.Assignment1.Assignment1 -->
