<?xml version="1.0" encoding="UTF-8"?>
<!-- Generated by org.testng.reporters.JUnitReportReporter -->
<testsuite skipped="0" hostname="dell-PC" name="com.thinkitiveAssignment.Assignment1.Assignment1" tests="3" failures="0" timestamp="19 Dec 2020 13:39:49 GMT" time="0.030" errors="0">
  <testcase name="testMultiplierMethodSingleRowResult" time="0.016" classname="com.thinkitiveAssignment.Assignment1.Assignment1"/>
  <testcase name="testMultiplierMethodMultipleRowResult" time="0.004" classname="com.thinkitiveAssignment.Assignment1.Assignment1"/>
  <testcase name="testMultiplier2darrayResult" time="0.010" classname="com.thinkitiveAssignment.Assignment1.Assignment1"/>
</testsuite> <!-- com.thinkitiveAssignment.Assignment1.Assignment1 -->
